<?xml version="1.0" encoding="UTF-8" ?>
<testsuite errors="0" failures="0" hostname="ADMINIB-0A4FGP8" name="com.ibm.chat.server.ServerTest" tests="3" time="0.136" timestamp="2015-06-16T20:40:57">
  <properties>
[...]
</properties>
  <testcase classname="com.ibm.chat.server.ServerTest" name="testMessageSend" time="0.01" />
  <testcase classname="com.ibm.chat.server.ServerTest" name="testListFunction" time="0.008" />
  <testcase classname="com.ibm.chat.server.ServerTest" name="testUniqueNames" time="0.002" />
  <system-out><![CDATA[In Class
In Test 3
MESSAGE Peter: Hi Chandan
In Test 2
MESSAGE Contact List: Chandan; 
In Test 1
SUBMITNAME
After Class
]]></system-out>
  <system-err><![CDATA[Jun 17, 2015 2:10:57 AM com.ibm.chat.server.ChatServer$Handler run
INFO: Chandan Accepted
Jun 17, 2015 2:10:57 AM com.ibm.chat.server.ChatServer$Handler run
INFO: Peter Accepted
Jun 17, 2015 2:10:57 AM com.ibm.chat.server.ChatServer$Handler run
INFO: Peter broadcasted: Hi Chandan
Jun 17, 2015 2:10:57 AM com.ibm.chat.server.ChatServer$Handler run
INFO: Peter Logged Out ...
Jun 17, 2015 2:10:57 AM com.ibm.chat.server.ChatServer$Handler run
INFO: Rob Accepted
Jun 17, 2015 2:10:57 AM com.ibm.chat.server.ChatServer$Handler run
INFO: Rob: LIST
Jun 17, 2015 2:10:57 AM com.ibm.chat.server.ChatServer$Handler run
INFO: Rob Logged Out ...
]]></system-err>
</testsuite>
